<?xml version="1.0" encoding="UTF-8"?>
<!-- Generated by org.testng.reporters.JUnitReportReporter -->
<testsuite hostname="dhcp-136-102.nay.redhat.com" name="com.example.client.errata.ErrataRPCCallTest" tests="1" failures="0" timestamp="23 Dec 2015 08:43:47 GMT" time="12.510" errors="0">
  <testcase name="testGetUser" time="12.510" classname="com.example.client.errata.ErrataRPCCallTest"/>
</testsuite> <!-- com.example.client.errata.ErrataRPCCallTest -->
