<?xml version="1.0" encoding="UTF-8"?>
<!-- Generated by org.testng.reporters.JUnitReportReporter -->
<testsuite hostname="dhcp-136-102.nay.redhat.com" name="com.example.client.errata.ErrataMapperTest" tests="2" failures="0" timestamp="23 Dec 2015 08:42:21 GMT" time="0.247" errors="0">
  <testcase name="testMapToErrataUser" time="0.002" classname="com.example.client.errata.ErrataMapperTest"/>
  <testcase name="testErrataUserToMap" time="0.245" classname="com.example.client.errata.ErrataMapperTest"/>
</testsuite> <!-- com.example.client.errata.ErrataMapperTest -->
